android/app/build/intermediates/manifest_merge_blame_file/debug/processDebugMainManifest/manifest-merger-blame-debug-report.txt
1<?xml version="1.0" encoding="utf-8"?>
2<manifest xmlns:android="http://schemas.android.com/apk/res/android"
3    package="com.example.app_project"
4    android:versionCode="1"
5    android:versionName="1.0" >
6
7    <uses-sdk
8        android:minSdkVersion="21"
9        android:targetSdkVersion="35" />
10    <!--
11         The INTERNET permission is required for development. Specifically,
12         the Flutter tool needs it to communicate with the running application
13         to allow setting breakpoints, to provide hot reload, etc.
14    -->
15    <uses-permission android:name="android.permission.INTERNET" />
15-->src\main\AndroidManifest.xml:3:5-67
15-->src\main\AndroidManifest.xml:3:22-64
16    <uses-permission android:name="android.permission.ACCESS_NETWORK_STATE" />
16-->src\main\AndroidManifest.xml:4:5-79
16-->src\main\AndroidManifest.xml:4:22-76
17    <uses-permission android:name="android.permission.ACCESS_FINE_LOCATION" />
17-->src\main\AndroidManifest.xml:5:5-79
17-->src\main\AndroidManifest.xml:5:22-76
18    <uses-permission android:name="android.permission.ACCESS_COARSE_LOCATION" />
18-->src\main\AndroidManifest.xml:6:5-81
18-->src\main\AndroidManifest.xml:6:22-78
19    <uses-permission android:name="android.permission.ACCESS_BACKGROUND_LOCATION" />
19-->src\main\AndroidManifest.xml:7:5-85
19-->src\main\AndroidManifest.xml:7:22-82
20    <uses-permission android:name="android.permission.FOREGROUND_SERVICE" />
20-->src\main\AndroidManifest.xml:8:5-77
20-->src\main\AndroidManifest.xml:8:22-74
21    <!--
22 Required to query activities that can process text, see:
23         https://developer.android.com/training/package-visibility and
24         https://developer.android.com/reference/android/content/Intent#ACTION_PROCESS_TEXT.
25
26         In particular, this is used by the Flutter engine in io.flutter.plugin.text.ProcessTextPlugin.
27    -->
28    <queries>
28-->src\main\AndroidManifest.xml:53:5-58:15
29        <intent>
29-->src\main\AndroidManifest.xml:54:9-57:18
30            <action android:name="android.intent.action.PROCESS_TEXT" />
30-->src\main\AndroidManifest.xml:55:13-72
30-->src\main\AndroidManifest.xml:55:21-70
31
32            <data android:mimeType="text/plain" />
32-->src\main\AndroidManifest.xml:56:13-50
32-->src\main\AndroidManifest.xml:56:19-48
33        </intent>
34        <!-- Needs to be explicitly declared on Android R+ -->
35        <package android:name="com.google.android.apps.maps" />
35-->[com.google.android.gms:play-services-maps:18.2.0] AndroidManifest.xml:33:9-64
35-->[com.google.android.gms:play-services-maps:18.2.0] AndroidManifest.xml:33:18-61
36    </queries>
37
38    <uses-permission android:name="android.permission.WAKE_LOCK" />
38-->[com.google.android.gms:play-services-measurement-api:21.6.1] AndroidManifest.xml:24:5-68
38-->[com.google.android.gms:play-services-measurement-api:21.6.1] AndroidManifest.xml:24:22-65
39    <uses-permission android:name="com.google.android.gms.permission.AD_ID" />
39-->[com.google.android.gms:play-services-measurement-api:21.6.1] AndroidManifest.xml:25:5-79
39-->[com.google.android.gms:play-services-measurement-api:21.6.1] AndroidManifest.xml:25:22-76
40    <uses-permission android:name="android.permission.ACCESS_ADSERVICES_ATTRIBUTION" />
40-->[com.google.android.gms:play-services-measurement-api:21.6.1] AndroidManifest.xml:26:5-88
40-->[com.google.android.gms:play-services-measurement-api:21.6.1] AndroidManifest.xml:26:22-85
41    <uses-permission android:name="android.permission.ACCESS_ADSERVICES_AD_ID" />
41-->[com.google.android.gms:play-services-measurement-api:21.6.1] AndroidManifest.xml:27:5-82
41-->[com.google.android.gms:play-services-measurement-api:21.6.1] AndroidManifest.xml:27:22-79
42    <uses-permission android:name="com.google.android.providers.gsf.permission.READ_GSERVICES" />
42-->[com.google.android.recaptcha:recaptcha:18.4.0] AndroidManifest.xml:9:5-98
42-->[com.google.android.recaptcha:recaptcha:18.4.0] AndroidManifest.xml:9:22-95
43
44    <uses-feature
44-->[com.google.android.gms:play-services-maps:18.2.0] AndroidManifest.xml:26:5-28:35
45        android:glEsVersion="0x00020000"
45-->[com.google.android.gms:play-services-maps:18.2.0] AndroidManifest.xml:27:9-41
46        android:required="true" />
46-->[com.google.android.gms:play-services-maps:18.2.0] AndroidManifest.xml:28:9-32
47
48    <uses-permission android:name="com.google.android.finsky.permission.BIND_GET_INSTALL_REFERRER_SERVICE" />
48-->[com.google.android.gms:play-services-measurement:21.6.1] AndroidManifest.xml:26:5-110
48-->[com.google.android.gms:play-services-measurement:21.6.1] AndroidManifest.xml:26:22-107
49
50    <permission
50-->[androidx.core:core:1.13.1] AndroidManifest.xml:22:5-24:47
51        android:name="com.example.app_project.DYNAMIC_RECEIVER_NOT_EXPORTED_PERMISSION"
51-->[androidx.core:core:1.13.1] AndroidManifest.xml:23:9-81
52        android:protectionLevel="signature" />
52-->[androidx.core:core:1.13.1] AndroidManifest.xml:24:9-44
53
54    <uses-permission android:name="com.example.app_project.DYNAMIC_RECEIVER_NOT_EXPORTED_PERMISSION" />
54-->[androidx.core:core:1.13.1] AndroidManifest.xml:26:5-97
54-->[androidx.core:core:1.13.1] AndroidManifest.xml:26:22-94
55
56    <application
57        android:name="android.app.Application"
58        android:appComponentFactory="androidx.core.app.CoreComponentFactory"
58-->[androidx.core:core:1.13.1] AndroidManifest.xml:28:18-86
59        android:debuggable="true"
60        android:enableOnBackInvokedCallback="true"
61        android:extractNativeLibs="true"
62        android:icon="@mipmap/ic_launcher"
63        android:label="app_project"
64        android:usesCleartextTraffic="true" >
65        <meta-data
66            android:name="com.google.android.geo.API_KEY"
67            android:value="AIzaSyAiu9u8Xw5GX3rZMZV16Zko6GVKFKDHxok" />
68
69        <activity
70            android:name="com.example.app_project.MainActivity"
71            android:configChanges="orientation|keyboardHidden|keyboard|screenSize|smallestScreenSize|locale|layoutDirection|fontScale|screenLayout|density|uiMode"
72            android:exported="true"
73            android:hardwareAccelerated="true"
74            android:launchMode="singleTop"
75            android:theme="@style/LaunchTheme"
76            android:windowSoftInputMode="adjustResize" >
77
78            <!--
79                 Specifies an Android theme to apply to this Activity as soon as
80                 the Android process has started. This theme is visible to the user
81                 while the Flutter UI initializes. After that, this theme continues
82                 to determine the Window background behind the Flutter UI.
83            -->
84            <meta-data
85                android:name="io.flutter.embedding.android.NormalTheme"
86                android:resource="@style/NormalTheme" />
87
88            <intent-filter>
89                <action android:name="android.intent.action.MAIN" />
90
91                <category android:name="android.intent.category.LAUNCHER" />
92            </intent-filter>
93        </activity>
94        <!--
95             Don't delete the meta-data below.
96             This is used by the Flutter tool to generate GeneratedPluginRegistrant.java
97        -->
98        <meta-data
99            android:name="flutterEmbedding"
100            android:value="2" />
101
102        <service
102-->[:location] AndroidManifest.xml:11:9-15:56
103            android:name="com.lyokone.location.FlutterLocationService"
103-->[:location] AndroidManifest.xml:12:13-71
104            android:enabled="true"
104-->[:location] AndroidManifest.xml:13:13-35
105            android:exported="false"
105-->[:location] AndroidManifest.xml:14:13-37
106            android:foregroundServiceType="location" />
106-->[:location] AndroidManifest.xml:15:13-53
107        <service
107-->[:cloud_firestore] AndroidManifest.xml:8:9-12:19
108            android:name="com.google.firebase.components.ComponentDiscoveryService"
108-->[:cloud_firestore] AndroidManifest.xml:8:18-89
109            android:directBootAware="true"
109-->[com.google.firebase:firebase-common:20.4.3] AndroidManifest.xml:32:13-43
110            android:exported="false" >
110-->[com.google.firebase:firebase-firestore:24.11.0] AndroidManifest.xml:16:13-37
111            <meta-data
111-->[:cloud_firestore] AndroidManifest.xml:9:13-11:85
112                android:name="com.google.firebase.components:io.flutter.plugins.firebase.firestore.FlutterFirebaseFirestoreRegistrar"
112-->[:cloud_firestore] AndroidManifest.xml:10:17-134
113                android:value="com.google.firebase.components.ComponentRegistrar" />
113-->[:cloud_firestore] AndroidManifest.xml:11:17-82
114            <meta-data
114-->[:firebase_app_check] AndroidManifest.xml:9:13-11:85
115                android:name="com.google.firebase.components:io.flutter.plugins.firebase.appcheck.FlutterFirebaseAppRegistrar"
115-->[:firebase_app_check] AndroidManifest.xml:10:17-127
116                android:value="com.google.firebase.components.ComponentRegistrar" />
116-->[:firebase_app_check] AndroidManifest.xml:11:17-82
117            <meta-data
117-->[:firebase_auth] AndroidManifest.xml:9:13-11:85
118                android:name="com.google.firebase.components:io.flutter.plugins.firebase.auth.FlutterFirebaseAuthRegistrar"
118-->[:firebase_auth] AndroidManifest.xml:10:17-124
119                android:value="com.google.firebase.components.ComponentRegistrar" />
119-->[:firebase_auth] AndroidManifest.xml:11:17-82
120            <meta-data
120-->[:firebase_storage] AndroidManifest.xml:9:13-11:85
121                android:name="com.google.firebase.components:io.flutter.plugins.firebase.storage.FlutterFirebaseAppRegistrar"
121-->[:firebase_storage] AndroidManifest.xml:10:17-126
122                android:value="com.google.firebase.components.ComponentRegistrar" />
122-->[:firebase_storage] AndroidManifest.xml:11:17-82
123            <meta-data
123-->[:firebase_core] AndroidManifest.xml:9:13-11:85
124                android:name="com.google.firebase.components:io.flutter.plugins.firebase.core.FlutterFirebaseCoreRegistrar"
124-->[:firebase_core] AndroidManifest.xml:10:17-124
125                android:value="com.google.firebase.components.ComponentRegistrar" />
125-->[:firebase_core] AndroidManifest.xml:11:17-82
126            <meta-data
126-->[com.google.firebase:firebase-firestore:24.11.0] AndroidManifest.xml:17:13-19:85
127                android:name="com.google.firebase.components:com.google.firebase.firestore.FirebaseFirestoreKtxRegistrar"
127-->[com.google.firebase:firebase-firestore:24.11.0] AndroidManifest.xml:18:17-122
128                android:value="com.google.firebase.components.ComponentRegistrar" />
128-->[com.google.firebase:firebase-firestore:24.11.0] AndroidManifest.xml:19:17-82
129            <meta-data
129-->[com.google.firebase:firebase-firestore:24.11.0] AndroidManifest.xml:20:13-22:85
130                android:name="com.google.firebase.components:com.google.firebase.firestore.FirestoreRegistrar"
130-->[com.google.firebase:firebase-firestore:24.11.0] AndroidManifest.xml:21:17-111
131                android:value="com.google.firebase.components.ComponentRegistrar" />
131-->[com.google.firebase:firebase-firestore:24.11.0] AndroidManifest.xml:22:17-82
132            <meta-data
132-->[com.google.firebase:firebase-auth:22.3.1] AndroidManifest.xml:69:13-71:85
133                android:name="com.google.firebase.components:com.google.firebase.auth.FirebaseAuthRegistrar"
133-->[com.google.firebase:firebase-auth:22.3.1] AndroidManifest.xml:70:17-109
134                android:value="com.google.firebase.components.ComponentRegistrar" />
134-->[com.google.firebase:firebase-auth:22.3.1] AndroidManifest.xml:71:17-82
135            <meta-data
135-->[com.google.android.gms:play-services-measurement-api:21.6.1] AndroidManifest.xml:37:13-39:85
136                android:name="com.google.firebase.components:com.google.firebase.analytics.connector.internal.AnalyticsConnectorRegistrar"
136-->[com.google.android.gms:play-services-measurement-api:21.6.1] AndroidManifest.xml:38:17-139
137                android:value="com.google.firebase.components.ComponentRegistrar" />
137-->[com.google.android.gms:play-services-measurement-api:21.6.1] AndroidManifest.xml:39:17-82
138            <meta-data
138-->[com.google.firebase:firebase-appcheck-debug:17.1.2] AndroidManifest.xml:25:13-27:85
139                android:name="com.google.firebase.components:com.google.firebase.appcheck.debug.FirebaseAppCheckDebugRegistrar"
139-->[com.google.firebase:firebase-appcheck-debug:17.1.2] AndroidManifest.xml:26:17-128
140                android:value="com.google.firebase.components.ComponentRegistrar" />
140-->[com.google.firebase:firebase-appcheck-debug:17.1.2] AndroidManifest.xml:27:17-82
141            <meta-data
141-->[com.google.firebase:firebase-appcheck-playintegrity:17.1.2] AndroidManifest.xml:25:13-27:85
142                android:name="com.google.firebase.components:com.google.firebase.appcheck.playintegrity.FirebaseAppCheckPlayIntegrityRegistrar"
142-->[com.google.firebase:firebase-appcheck-playintegrity:17.1.2] AndroidManifest.xml:26:17-144
143                android:value="com.google.firebase.components.ComponentRegistrar" />
143-->[com.google.firebase:firebase-appcheck-playintegrity:17.1.2] AndroidManifest.xml:27:17-82
144            <meta-data
144-->[com.google.firebase:firebase-storage:20.3.0] AndroidManifest.xml:30:13-32:85
145                android:name="com.google.firebase.components:com.google.firebase.storage.FirebaseStorageKtxRegistrar"
145-->[com.google.firebase:firebase-storage:20.3.0] AndroidManifest.xml:31:17-118
146                android:value="com.google.firebase.components.ComponentRegistrar" />
146-->[com.google.firebase:firebase-storage:20.3.0] AndroidManifest.xml:32:17-82
147            <meta-data
147-->[com.google.firebase:firebase-storage:20.3.0] AndroidManifest.xml:33:13-35:85
148                android:name="com.google.firebase.components:com.google.firebase.storage.StorageRegistrar"
148-->[com.google.firebase:firebase-storage:20.3.0] AndroidManifest.xml:34:17-107
149                android:value="com.google.firebase.components.ComponentRegistrar" />
149-->[com.google.firebase:firebase-storage:20.3.0] AndroidManifest.xml:35:17-82
150            <meta-data
150-->[com.google.firebase:firebase-appcheck-safetynet:16.1.2] AndroidManifest.xml:27:13-29:85
151                android:name="com.google.firebase.components:com.google.firebase.appcheck.safetynet.FirebaseAppCheckSafetyNetRegistrar"
151-->[com.google.firebase:firebase-appcheck-safetynet:16.1.2] AndroidManifest.xml:28:17-136
152                android:value="com.google.firebase.components.ComponentRegistrar" />
152-->[com.google.firebase:firebase-appcheck-safetynet:16.1.2] AndroidManifest.xml:29:17-82
153            <meta-data
153-->[com.google.firebase:firebase-appcheck:17.1.2] AndroidManifest.xml:25:13-27:85
154                android:name="com.google.firebase.components:com.google.firebase.appcheck.FirebaseAppCheckKtxRegistrar"
154-->[com.google.firebase:firebase-appcheck:17.1.2] AndroidManifest.xml:26:17-120
155                android:value="com.google.firebase.components.ComponentRegistrar" />
155-->[com.google.firebase:firebase-appcheck:17.1.2] AndroidManifest.xml:27:17-82
156            <meta-data
156-->[com.google.firebase:firebase-appcheck:17.1.2] AndroidManifest.xml:28:13-30:85
157                android:name="com.google.firebase.components:com.google.firebase.appcheck.FirebaseAppCheckRegistrar"
157-->[com.google.firebase:firebase-appcheck:17.1.2] AndroidManifest.xml:29:17-117
158                android:value="com.google.firebase.components.ComponentRegistrar" />
158-->[com.google.firebase:firebase-appcheck:17.1.2] AndroidManifest.xml:30:17-82
159            <meta-data
159-->[com.google.firebase:firebase-installations:17.2.0] AndroidManifest.xml:15:13-17:85
160                android:name="com.google.firebase.components:com.google.firebase.installations.FirebaseInstallationsKtxRegistrar"
160-->[com.google.firebase:firebase-installations:17.2.0] AndroidManifest.xml:16:17-130
161                android:value="com.google.firebase.components.ComponentRegistrar" />
161-->[com.google.firebase:firebase-installations:17.2.0] AndroidManifest.xml:17:17-82
162            <meta-data
162-->[com.google.firebase:firebase-installations:17.2.0] AndroidManifest.xml:18:13-20:85
163                android:name="com.google.firebase.components:com.google.firebase.installations.FirebaseInstallationsRegistrar"
163-->[com.google.firebase:firebase-installations:17.2.0] AndroidManifest.xml:19:17-127
164                android:value="com.google.firebase.components.ComponentRegistrar" />
164-->[com.google.firebase:firebase-installations:17.2.0] AndroidManifest.xml:20:17-82
165            <meta-data
165-->[com.google.firebase:firebase-common-ktx:20.4.3] AndroidManifest.xml:12:13-14:85
166                android:name="com.google.firebase.components:com.google.firebase.ktx.FirebaseCommonLegacyRegistrar"
166-->[com.google.firebase:firebase-common-ktx:20.4.3] AndroidManifest.xml:13:17-116
167                android:value="com.google.firebase.components.ComponentRegistrar" />
167-->[com.google.firebase:firebase-common-ktx:20.4.3] AndroidManifest.xml:14:17-82
168            <meta-data
168-->[com.google.firebase:firebase-common:20.4.3] AndroidManifest.xml:35:13-37:85
169                android:name="com.google.firebase.components:com.google.firebase.FirebaseCommonKtxRegistrar"
169-->[com.google.firebase:firebase-common:20.4.3] AndroidManifest.xml:36:17-109
170                android:value="com.google.firebase.components.ComponentRegistrar" />
170-->[com.google.firebase:firebase-common:20.4.3] AndroidManifest.xml:37:17-82
171        </service>
172
173        <activity
173-->[com.google.firebase:firebase-auth:22.3.1] AndroidManifest.xml:29:9-46:20
174            android:name="com.google.firebase.auth.internal.GenericIdpActivity"
174-->[com.google.firebase:firebase-auth:22.3.1] AndroidManifest.xml:30:13-80
175            android:excludeFromRecents="true"
175-->[com.google.firebase:firebase-auth:22.3.1] AndroidManifest.xml:31:13-46
176            android:exported="true"
176-->[com.google.firebase:firebase-auth:22.3.1] AndroidManifest.xml:32:13-36
177            android:launchMode="singleTask"
177-->[com.google.firebase:firebase-auth:22.3.1] AndroidManifest.xml:33:13-44
178            android:theme="@android:style/Theme.Translucent.NoTitleBar" >
178-->[com.google.firebase:firebase-auth:22.3.1] AndroidManifest.xml:34:13-72
179            <intent-filter>
179-->[com.google.firebase:firebase-auth:22.3.1] AndroidManifest.xml:35:13-45:29
180                <action android:name="android.intent.action.VIEW" />
180-->[com.google.firebase:firebase-auth:22.3.1] AndroidManifest.xml:36:17-69
180-->[com.google.firebase:firebase-auth:22.3.1] AndroidManifest.xml:36:25-66
181
182                <category android:name="android.intent.category.DEFAULT" />
182-->[com.google.firebase:firebase-auth:22.3.1] AndroidManifest.xml:38:17-76
182-->[com.google.firebase:firebase-auth:22.3.1] AndroidManifest.xml:38:27-73
183                <category android:name="android.intent.category.BROWSABLE" />
183-->[com.google.firebase:firebase-auth:22.3.1] AndroidManifest.xml:39:17-78
183-->[com.google.firebase:firebase-auth:22.3.1] AndroidManifest.xml:39:27-75
184
185                <data
185-->src\main\AndroidManifest.xml:56:13-50
186                    android:host="firebase.auth"
187                    android:path="/"
188                    android:scheme="genericidp" />
189            </intent-filter>
190        </activity>
191        <activity
191-->[com.google.firebase:firebase-auth:22.3.1] AndroidManifest.xml:47:9-64:20
192            android:name="com.google.firebase.auth.internal.RecaptchaActivity"
192-->[com.google.firebase:firebase-auth:22.3.1] AndroidManifest.xml:48:13-79
193            android:excludeFromRecents="true"
193-->[com.google.firebase:firebase-auth:22.3.1] AndroidManifest.xml:49:13-46
194            android:exported="true"
194-->[com.google.firebase:firebase-auth:22.3.1] AndroidManifest.xml:50:13-36
195            android:launchMode="singleTask"
195-->[com.google.firebase:firebase-auth:22.3.1] AndroidManifest.xml:51:13-44
196            android:theme="@android:style/Theme.Translucent.NoTitleBar" >
196-->[com.google.firebase:firebase-auth:22.3.1] AndroidManifest.xml:52:13-72
197            <intent-filter>
197-->[com.google.firebase:firebase-auth:22.3.1] AndroidManifest.xml:53:13-63:29
198                <action android:name="android.intent.action.VIEW" />
198-->[com.google.firebase:firebase-auth:22.3.1] AndroidManifest.xml:36:17-69
198-->[com.google.firebase:firebase-auth:22.3.1] AndroidManifest.xml:36:25-66
199
200                <category android:name="android.intent.category.DEFAULT" />
200-->[com.google.firebase:firebase-auth:22.3.1] AndroidManifest.xml:38:17-76
200-->[com.google.firebase:firebase-auth:22.3.1] AndroidManifest.xml:38:27-73
201                <category android:name="android.intent.category.BROWSABLE" />
201-->[com.google.firebase:firebase-auth:22.3.1] AndroidManifest.xml:39:17-78
201-->[com.google.firebase:firebase-auth:22.3.1] AndroidManifest.xml:39:27-75
202
203                <data
203-->src\main\AndroidManifest.xml:56:13-50
204                    android:host="firebase.auth"
205                    android:path="/"
206                    android:scheme="recaptcha" />
207            </intent-filter>
208        </activity>
209
210        <property
210-->[com.google.android.gms:play-services-measurement-api:21.6.1] AndroidManifest.xml:30:9-32:61
211            android:name="android.adservices.AD_SERVICES_CONFIG"
211-->[com.google.android.gms:play-services-measurement-api:21.6.1] AndroidManifest.xml:31:13-65
212            android:resource="@xml/ga_ad_services_config" />
212-->[com.google.android.gms:play-services-measurement-api:21.6.1] AndroidManifest.xml:32:13-58
213
214        <service
214-->[:geolocator_android] AndroidManifest.xml:8:9-12:56
215            android:name="com.baseflow.geolocator.GeolocatorLocationService"
215-->[:geolocator_android] AndroidManifest.xml:9:13-77
216            android:enabled="true"
216-->[:geolocator_android] AndroidManifest.xml:10:13-35
217            android:exported="false"
217-->[:geolocator_android] AndroidManifest.xml:11:13-37
218            android:foregroundServiceType="location" />
218-->[:geolocator_android] AndroidManifest.xml:12:13-53
219
220        <provider
220-->[:image_picker_android] AndroidManifest.xml:9:9-17:20
221            android:name="io.flutter.plugins.imagepicker.ImagePickerFileProvider"
221-->[:image_picker_android] AndroidManifest.xml:10:13-82
222            android:authorities="com.example.app_project.flutter.image_provider"
222-->[:image_picker_android] AndroidManifest.xml:11:13-74
223            android:exported="false"
223-->[:image_picker_android] AndroidManifest.xml:12:13-37
224            android:grantUriPermissions="true" >
224-->[:image_picker_android] AndroidManifest.xml:13:13-47
225            <meta-data
225-->[:image_picker_android] AndroidManifest.xml:14:13-16:75
226                android:name="android.support.FILE_PROVIDER_PATHS"
226-->[:image_picker_android] AndroidManifest.xml:15:17-67
227                android:resource="@xml/flutter_image_picker_file_paths" />
227-->[:image_picker_android] AndroidManifest.xml:16:17-72
228        </provider> <!-- Trigger Google Play services to install the backported photo picker module. -->
229        <service
229-->[:image_picker_android] AndroidManifest.xml:19:9-31:19
230            android:name="com.google.android.gms.metadata.ModuleDependencies"
230-->[:image_picker_android] AndroidManifest.xml:20:13-78
231            android:enabled="false"
231-->[:image_picker_android] AndroidManifest.xml:21:13-36
232            android:exported="false" >
232-->[:image_picker_android] AndroidManifest.xml:22:13-37
233            <intent-filter>
233-->[:image_picker_android] AndroidManifest.xml:24:13-26:29
234                <action android:name="com.google.android.gms.metadata.MODULE_DEPENDENCIES" />
234-->[:image_picker_android] AndroidManifest.xml:25:17-94
234-->[:image_picker_android] AndroidManifest.xml:25:25-91
235            </intent-filter>
236
237            <meta-data
237-->[:image_picker_android] AndroidManifest.xml:28:13-30:36
238                android:name="photopicker_activity:0:required"
238-->[:image_picker_android] AndroidManifest.xml:29:17-63
239                android:value="" />
239-->[:image_picker_android] AndroidManifest.xml:30:17-33
240        </service> <!-- Needs to be explicitly declared on P+ -->
241        <uses-library
241-->[com.google.android.gms:play-services-maps:18.2.0] AndroidManifest.xml:39:9-41:40
242            android:name="org.apache.http.legacy"
242-->[com.google.android.gms:play-services-maps:18.2.0] AndroidManifest.xml:40:13-50
243            android:required="false" />
243-->[com.google.android.gms:play-services-maps:18.2.0] AndroidManifest.xml:41:13-37
244
245        <activity
245-->[com.google.android.gms:play-services-base:18.3.0] AndroidManifest.xml:20:9-22:45
246            android:name="com.google.android.gms.common.api.GoogleApiActivity"
246-->[com.google.android.gms:play-services-base:18.3.0] AndroidManifest.xml:20:19-85
247            android:exported="false"
247-->[com.google.android.gms:play-services-base:18.3.0] AndroidManifest.xml:22:19-43
248            android:theme="@android:style/Theme.Translucent.NoTitleBar" />
248-->[com.google.android.gms:play-services-base:18.3.0] AndroidManifest.xml:21:19-78
249
250        <receiver
250-->[com.google.android.gms:play-services-measurement:21.6.1] AndroidManifest.xml:29:9-33:20
251            android:name="com.google.android.gms.measurement.AppMeasurementReceiver"
251-->[com.google.android.gms:play-services-measurement:21.6.1] AndroidManifest.xml:30:13-85
252            android:enabled="true"
252-->[com.google.android.gms:play-services-measurement:21.6.1] AndroidManifest.xml:31:13-35
253            android:exported="false" >
253-->[com.google.android.gms:play-services-measurement:21.6.1] AndroidManifest.xml:32:13-37
254        </receiver>
255
256        <service
256-->[com.google.android.gms:play-services-measurement:21.6.1] AndroidManifest.xml:35:9-38:40
257            android:name="com.google.android.gms.measurement.AppMeasurementService"
257-->[com.google.android.gms:play-services-measurement:21.6.1] AndroidManifest.xml:36:13-84
258            android:enabled="true"
258-->[com.google.android.gms:play-services-measurement:21.6.1] AndroidManifest.xml:37:13-35
259            android:exported="false" />
259-->[com.google.android.gms:play-services-measurement:21.6.1] AndroidManifest.xml:38:13-37
260        <service
260-->[com.google.android.gms:play-services-measurement:21.6.1] AndroidManifest.xml:39:9-43:72
261            android:name="com.google.android.gms.measurement.AppMeasurementJobService"
261-->[com.google.android.gms:play-services-measurement:21.6.1] AndroidManifest.xml:40:13-87
262            android:enabled="true"
262-->[com.google.android.gms:play-services-measurement:21.6.1] AndroidManifest.xml:41:13-35
263            android:exported="false"
263-->[com.google.android.gms:play-services-measurement:21.6.1] AndroidManifest.xml:42:13-37
264            android:permission="android.permission.BIND_JOB_SERVICE" />
264-->[com.google.android.gms:play-services-measurement:21.6.1] AndroidManifest.xml:43:13-69
265
266        <provider
266-->[com.google.firebase:firebase-common:20.4.3] AndroidManifest.xml:23:9-28:39
267            android:name="com.google.firebase.provider.FirebaseInitProvider"
267-->[com.google.firebase:firebase-common:20.4.3] AndroidManifest.xml:24:13-77
268            android:authorities="com.example.app_project.firebaseinitprovider"
268-->[com.google.firebase:firebase-common:20.4.3] AndroidManifest.xml:25:13-72
269            android:directBootAware="true"
269-->[com.google.firebase:firebase-common:20.4.3] AndroidManifest.xml:26:13-43
270            android:exported="false"
270-->[com.google.firebase:firebase-common:20.4.3] AndroidManifest.xml:27:13-37
271            android:initOrder="100" />
271-->[com.google.firebase:firebase-common:20.4.3] AndroidManifest.xml:28:13-36
272
273        <uses-library
273-->[androidx.window:window:1.2.0] AndroidManifest.xml:23:9-25:40
274            android:name="androidx.window.extensions"
274-->[androidx.window:window:1.2.0] AndroidManifest.xml:24:13-54
275            android:required="false" />
275-->[androidx.window:window:1.2.0] AndroidManifest.xml:25:13-37
276        <uses-library
276-->[androidx.window:window:1.2.0] AndroidManifest.xml:26:9-28:40
277            android:name="androidx.window.sidecar"
277-->[androidx.window:window:1.2.0] AndroidManifest.xml:27:13-51
278            android:required="false" />
278-->[androidx.window:window:1.2.0] AndroidManifest.xml:28:13-37
279        <uses-library
279-->[androidx.privacysandbox.ads:ads-adservices:1.0.0-beta05] AndroidManifest.xml:23:9-25:40
280            android:name="android.ext.adservices"
280-->[androidx.privacysandbox.ads:ads-adservices:1.0.0-beta05] AndroidManifest.xml:24:13-50
281            android:required="false" />
281-->[androidx.privacysandbox.ads:ads-adservices:1.0.0-beta05] AndroidManifest.xml:25:13-37
282
283        <meta-data
283-->[com.google.android.gms:play-services-basement:18.3.0] AndroidManifest.xml:21:9-23:69
284            android:name="com.google.android.gms.version"
284-->[com.google.android.gms:play-services-basement:18.3.0] AndroidManifest.xml:22:13-58
285            android:value="@integer/google_play_services_version" />
285-->[com.google.android.gms:play-services-basement:18.3.0] AndroidManifest.xml:23:13-66
286
287        <provider